<?xml version="1.0" encoding="UTF-8"?>
<!-- Generated by org.testng.reporters.JUnitXMLReporter -->
<testsuite hostname="ip-172-31-17-32" ignored="0" name="Default test" tests="3" failures="0" timestamp="29 Mar 2023 11:54:08 GMT" time="7.644" errors="0">
  <testcase name="Test" time="2.706" classname="com.test.TestNg_class"/>
  <testcase name="Test1" time="2.457" classname="com.test.TestNg_class"/>
  <testcase name="Test2" time="2.449" classname="com.test.TestNg_class"/>
</testsuite> <!-- Default test -->
