<?xml version="1.0" encoding="UTF-8"?>
<testng-results skipped="0" failed="0" ignored="0" total="3" passed="3">
  <reporter-output>
  </reporter-output>
  <suite name="Suite" duration-ms="7314" started-at="2023-03-29T12:38:51Z" finished-at="2023-03-29T12:38:59Z">
    <groups>
    </groups>
    <test name="Test" duration-ms="7314" started-at="2023-03-29T12:38:51Z" finished-at="2023-03-29T12:38:59Z">
      <class name="com.test.TestNg_class">
        <test-method status="PASS" signature="beforeClass()[pri:0, instance:com.test.TestNg_class@6eceb130]" name="beforeClass" is-config="true" duration-ms="7" started-at="2023-03-29T12:38:51Z" finished-at="2023-03-29T12:38:51Z">
          <reporter-output>
          </reporter-output>
        </test-method> <!-- beforeClass -->
        <test-method status="PASS" signature="Test()[pri:0, instance:com.test.TestNg_class@6eceb130]" name="Test" duration-ms="2463" started-at="2023-03-29T12:38:51Z" finished-at="2023-03-29T12:38:54Z">
          <reporter-output>
          </reporter-output>
        </test-method> <!-- Test -->
        <test-method status="PASS" signature="Test1()[pri:0, instance:com.test.TestNg_class@6eceb130]" name="Test1" duration-ms="2434" started-at="2023-03-29T12:38:54Z" finished-at="2023-03-29T12:38:56Z">
          <reporter-output>
          </reporter-output>
        </test-method> <!-- Test1 -->
        <test-method status="PASS" signature="Test2()[pri:0, instance:com.test.TestNg_class@6eceb130]" name="Test2" duration-ms="2381" started-at="2023-03-29T12:38:56Z" finished-at="2023-03-29T12:38:59Z">
          <reporter-output>
          </reporter-output>
        </test-method> <!-- Test2 -->
        <test-method status="PASS" signature="afterClass()[pri:0, instance:com.test.TestNg_class@6eceb130]" name="afterClass" is-config="true" duration-ms="1" started-at="2023-03-29T12:38:59Z" finished-at="2023-03-29T12:38:59Z">
          <reporter-output>
          </reporter-output>
        </test-method> <!-- afterClass -->
      </class> <!-- com.test.TestNg_class -->
    </test> <!-- Test -->
  </suite> <!-- Suite -->
</testng-results>
