<?xml version="1.0" encoding="UTF-8"?>
<testsuite xmlns:xsi="http://www.w3.org/2001/XMLSchema-instance" xsi:noNamespaceSchemaLocation="https://maven.apache.org/surefire/maven-surefire-plugin/xsd/surefire-test-report-3.0.xsd" version="3.0" name="TestSuite" time="7.917" tests="3" errors="0" skipped="0" failures="0">
  <properties>
[...]
</properties>
  <testcase name="Test" classname="com.test.TestNg_class" time="2.483">
    <system-out><![CDATA[[TestNGContentHandler] [WARN] It is strongly recommended to add "<!DOCTYPE suite SYSTEM "http://testng.org/testng-1.0.dtd" >" at the top of your file, otherwise TestNG may fail or not work as expected.
sailsiva
TN
sailsiva237@cisco.com
4
2023-03-29 09:32:56
1234
Coimbatore
sailsiva
TN
sailsiva617@cisco.com
5
2023-03-29 09:36:25
1234
Coimbatore
sailsiva
TN
sailsiva551@cisco.com
6
2023-03-29 09:38:23
1234
Coimbatore
sailsiva
TN
sailsiva848@cisco.com
7
2023-03-29 09:39:14
1234
Coimbatore
sailsiva
TN
sailsiva802@cisco.com
8
2023-03-29 09:40:40
1234
Coimbatore
sailsiva
TN
sailsiva834@cisco.com
9
2023-03-29 09:41:40
1234
Coimbatore
sailsiva
TN
sailsiva373@cisco.com
10
2023-03-29 09:42:10
1234
Coimbatore
sailsiva
TN
sailsiva482@cisco.com
11
2023-03-29 09:43:59
1234
Coimbatore
sailsiva
TN
sailsiva123322@cisco.com
12
2023-03-29 09:45:46
1234
Coimbatore
sailsiva
TN
sailsiva740@cisco.com
13
2023-03-29 09:50:03
1234
Coimbatore
sailsiva
TN
sailsiva781@cisco.com
14
2023-03-29 09:52:12
1234
Coimbatore
sailsiva
TN
sailsiva328@cisco.com
15
2023-03-29 10:04:36
1234
Coimbatore
sailsiva
TN
sailsiva641@cisco.com
16
2023-03-29 10:05:29
1234
Coimbatore
sailsiva
TN
sailsiva306@cisco.com
17
2023-03-29 10:06:30
1234
Coimbatore
sailsiva
TN
sailsiva859@cisco.com
18
2023-03-29 10:07:03
1234
Coimbatore
sailsiva
TN
sailsiva590@cisco.com
19
2023-03-29 10:07:47
1234
Coimbatore
sailsiva
TN
sailsiva591@cisco.com
20
2023-03-29 10:09:26
1234
Coimbatore
sailsiva
TN
sailsiva160@cisco.com
21
2023-03-29 10:10:13
1234
Coimbatore
sailsiva
TN
sailsiva967@cisco.com
22
2023-03-29 11:51:20
1234
Coimbatore
sailsiva
TN
sailsiva636@cisco.com
23
2023-03-29 11:54:03
1234
Coimbatore
sailsiva
TN
sailsiva414@cisco.com
24
2023-03-29 12:10:50
1234
Coimbatore
sailsiva
TN
sailsiva156@cisco.com
25
2023-03-29 12:38:54
1234
Coimbatore
done
printing act_details and exp_details
sailsiva
sailsiva
0
Details are Validated
TN
TN
1
Details are Validated
sailsiva156@cisco.com
sailsiva156@cisco.com
2
Details are Validated
Coimbatore
Coimbatore
3
Details are Validated
1234
1234
4
Details are Validated


expected_value = 1
actual_Value = 1
]]></system-out>
    <system-err><![CDATA[SLF4J: No SLF4J providers were found.
SLF4J: Defaulting to no-operation (NOP) logger implementation
SLF4J: See https://www.slf4j.org/codes.html#noProviders for further details.
ERROR StatusLogger Log4j2 could not find a logging implementation. Please add log4j-core to the classpath. Using SimpleLogger to log to the console...
Starting ChromeDriver 2.41.578700 (2f1ed5f9343c13f73144538f15c00b370eda6706) on port 32179
Only local connections are allowed.
Mar 29, 2023 12:38:52 PM org.openqa.selenium.devtools.CdpVersionFinder findNearestMatch
WARNING: Unable to find CDP implementation matching 83
Mar 29, 2023 12:38:52 PM org.openqa.selenium.chromium.ChromiumDriver lambda$new$3
WARNING: Unable to find version of CDP to use for . You may need to include a dependency on a specific version of the CDP using something similar to `org.seleniumhq.selenium:selenium-devtools-v86:4.8.1` where the version ("v86") matches the version of the chromium-based browser you're using and the version number of the artifact is the same as Selenium's.
]]></system-err>
  </testcase>
  <testcase name="Test1" classname="com.test.TestNg_class" time="2.429">
    <system-out><![CDATA[printing No of Rows 4
Source
Destination
Airline
Duration
Cost
 
Bangalore
Chennai
AirAsia
Dep.8 pm Arr.9.30pm (1.30 hours)
4500.00
Book Flight
Bangalore
Hyderabad
Vistara
Dep.8 AM Arr.10:30 AMx (2.5 HOURS)
2500.00
Book Flight
Bangalore
Coimbatore
SpiceJet
Dep.10AM Arr.12PM (2 Hours)
3500.00
Book Flight
From : Bangalore
TO : Coimbatore
No of Rows4

Source,

Destination,

Airline,

Duration,

Cost,

 ,

Bangalore,

Chennai,

AirAsia,

Dep.8 pm Arr.9.30pm (1.30 hours),

4500.00,

Book Flight,

Bangalore,

Hyderabad,

Vistara,

Dep.8 AM Arr.10:30 AMx (2.5 HOURS),

2500.00,

Book Flight,

Bangalore,

Coimbatore,

SpiceJet,

Dep.10AM Arr.12PM (2 Hours),

3500.00,

Book Flight,

Source

Destination

Airline

Duration

Cost

 

Bangalore

Chennai

AirAsia

Dep.8 pm Arr.9.30pm (1.30 hours)

4500.00

Book Flight

Bangalore

Hyderabad

Vistara

Dep.8 AM Arr.10:30 AMx (2.5 HOURS)

2500.00

Book Flight

Bangalore

Coimbatore

SpiceJet

Dep.10AM Arr.12PM (2 Hours)

3500.00

Book Flight

Verifying after Submission
Bangalore
Coimbatore

Source Location Validated
Destination Location Validated


expected_value = 2
actual_Value = 2
]]></system-out>
    <system-err><![CDATA[Starting ChromeDriver 2.41.578700 (2f1ed5f9343c13f73144538f15c00b370eda6706) on port 8526
Only local connections are allowed.
Mar 29, 2023 12:38:54 PM org.openqa.selenium.devtools.CdpVersionFinder findNearestMatch
WARNING: Unable to find CDP implementation matching 83
Mar 29, 2023 12:38:54 PM org.openqa.selenium.chromium.ChromiumDriver lambda$new$3
WARNING: Unable to find version of CDP to use for . You may need to include a dependency on a specific version of the CDP using something similar to `org.seleniumhq.selenium:selenium-devtools-v86:4.8.1` where the version ("v86") matches the version of the chromium-based browser you're using and the version number of the artifact is the same as Selenium's.
]]></system-err>
  </testcase>
  <testcase name="Test2" classname="com.test.TestNg_class" time="2.379">
    <system-out><![CDATA[printing No of Rows 4
Source
Destination
Airline
Duration
Cost
 
Bangalore
Chennai
AirAsia
Dep.8 pm Arr.9.30pm (1.30 hours)
4500.00
Book Flight
Bangalore
Hyderabad
Vistara
Dep.8 AM Arr.10:30 AMx (2.5 HOURS)
2500.00
Book Flight
Bangalore
Coimbatore
SpiceJet
Dep.10AM Arr.12PM (2 Hours)
3500.00
Book Flight
From : Bangalore
TO : Coimbatore
No of Rows4

Source,

Destination,

Airline,

Duration,

Cost,

 ,

Bangalore,

Chennai,

AirAsia,

Dep.8 pm Arr.9.30pm (1.30 hours),

4500.00,

Book Flight,

Bangalore,

Hyderabad,

Vistara,

Dep.8 AM Arr.10:30 AMx (2.5 HOURS),

2500.00,

Book Flight,

Bangalore,

Coimbatore,

SpiceJet,

Dep.10AM Arr.12PM (2 Hours),

3500.00,

Book Flight,

Source

Destination

Airline

Duration

Cost

 

Bangalore

Chennai

AirAsia

Dep.8 pm Arr.9.30pm (1.30 hours)

4500.00

Book Flight

Bangalore

Hyderabad

Vistara

Dep.8 AM Arr.10:30 AMx (2.5 HOURS)

2500.00

Book Flight

Bangalore

Coimbatore

SpiceJet

Dep.10AM Arr.12PM (2 Hours)

3500.00

Book Flight

Verifying after Submission
Bangalore
Coimbatore

Source Location Validated
Destination Location Validated


expected_value = 2
actual_Value = 2
]]></system-out>
    <system-err><![CDATA[Starting ChromeDriver 2.41.578700 (2f1ed5f9343c13f73144538f15c00b370eda6706) on port 26521
Only local connections are allowed.
Mar 29, 2023 12:38:57 PM org.openqa.selenium.devtools.CdpVersionFinder findNearestMatch
WARNING: Unable to find CDP implementation matching 83
Mar 29, 2023 12:38:57 PM org.openqa.selenium.chromium.ChromiumDriver lambda$new$3
WARNING: Unable to find version of CDP to use for . You may need to include a dependency on a specific version of the CDP using something similar to `org.seleniumhq.selenium:selenium-devtools-v86:4.8.1` where the version ("v86") matches the version of the chromium-based browser you're using and the version number of the artifact is the same as Selenium's.
]]></system-err>
  </testcase>
</testsuite>